Using pre-set license
Built from '2022.3/staging' branch; Version is '2022.3.34f1 (4886f5360533) revision 4753141'; Using compiler version '192829333'; Build Type 'Release'
OS: 'Windows 11  (10.0.22631) 64bit Core' Language: 'ko' Physical Memory: 15943 MB
BatchMode: 1, IsHumanControllingUs: 0, StartBugReporterOnCrash: 0, Is64bit: 1, IsPro: 1

COMMAND LINE ARGUMENTS:
C:\Program Files\Unity\Hub\Editor\2022.3.34f1\Editor\Unity.exe
-adb2
-batchMode
-noUpm
-name
AssetImportWorker4
-projectPath
C:/Users/0613s/Documents/GitHub/Well-Done_Welding/Well-Done_Welding
-logFile
Logs/AssetImportWorker4.log
-srvPort
58018
Successfully changed project path to: C:/Users/0613s/Documents/GitHub/Well-Done_Welding/Well-Done_Welding
C:/Users/0613s/Documents/GitHub/Well-Done_Welding/Well-Done_Welding
[UnityMemory] Configuration Parameters - Can be set up in boot.config
    "memorysetup-bucket-allocator-granularity=16"
    "memorysetup-bucket-allocator-bucket-count=8"
    "memorysetup-bucket-allocator-block-size=33554432"
    "memorysetup-bucket-allocator-block-count=8"
    "memorysetup-main-allocator-block-size=16777216"
    "memorysetup-thread-allocator-block-size=16777216"
    "memorysetup-gfx-main-allocator-block-size=16777216"
    "memorysetup-gfx-thread-allocator-block-size=16777216"
    "memorysetup-cache-allocator-block-size=4194304"
    "memorysetup-typetree-allocator-block-size=2097152"
    "memorysetup-profiler-bucket-allocator-granularity=16"
    "memorysetup-profiler-bucket-allocator-bucket-count=8"
    "memorysetup-profiler-bucket-allocator-block-size=33554432"
    "memorysetup-profiler-bucket-allocator-block-count=8"
    "memorysetup-profiler-allocator-block-size=16777216"
    "memorysetup-profiler-editor-allocator-block-size=1048576"
    "memorysetup-temp-allocator-size-main=16777216"
    "memorysetup-job-temp-allocator-block-size=2097152"
    "memorysetup-job-temp-allocator-block-size-background=1048576"
    "memorysetup-job-temp-allocator-reduction-small-platforms=262144"
    "memorysetup-allocator-temp-initial-block-size-main=262144"
    "memorysetup-allocator-temp-initial-block-size-worker=262144"
    "memorysetup-temp-allocator-size-background-worker=32768"
    "memorysetup-temp-allocator-size-job-worker=262144"
    "memorysetup-temp-allocator-size-preload-manager=33554432"
    "memorysetup-temp-allocator-size-nav-mesh-worker=65536"
    "memorysetup-temp-allocator-size-audio-worker=65536"
    "memorysetup-temp-allocator-size-cloud-worker=32768"
    "memorysetup-temp-allocator-size-gi-baking-worker=262144"
    "memorysetup-temp-allocator-size-gfx=262144"
Player connection [30476] Host "[IP] 192.168.27.86 [Port] 0 [Flags] 2 [Guid] 2956808459 [EditorId] 2956808459 [Version] 1048832 [Id] WindowsEditor(7,Instead-NoYhea) [Debug] 1 [PackageName] WindowsEditor [ProjectName] Editor" joined multi-casting on [225.0.0.222:54997]...

Player connection [30476] Host "[IP] 192.168.27.86 [Port] 0 [Flags] 2 [Guid] 2956808459 [EditorId] 2956808459 [Version] 1048832 [Id] WindowsEditor(7,Instead-NoYhea) [Debug] 1 [PackageName] WindowsEditor [ProjectName] Editor" joined alternative multi-casting on [225.0.0.222:34997]...

[PhysX] Initialized MultithreadedTaskDispatcher with 16 workers.
Refreshing native plugins compatible for Editor in 24.63 ms, found 4 plugins.
Preloading 0 native plugins for Editor in 0.00 ms.
Initialize engine version: 2022.3.34f1 (4886f5360533)
[Subsystems] Discovering subsystems at path C:/Program Files/Unity/Hub/Editor/2022.3.34f1/Editor/Data/Resources/UnitySubsystems
[Subsystems] Discovering subsystems at path C:/Users/0613s/Documents/GitHub/Well-Done_Welding/Well-Done_Welding/Assets
GfxDevice: creating device client; threaded=0; jobified=0
Direct3D:
    Version:  Direct3D 11.0 [level 11.1]
    Renderer: Intel(R) Iris(R) Xe Graphics (ID=0xa7a0)
    Vendor:   Intel
    VRAM:     7971 MB
    Driver:   31.0.101.4314
Initialize mono
Mono path[0] = 'C:/Program Files/Unity/Hub/Editor/2022.3.34f1/Editor/Data/Managed'
Mono path[1] = 'C:/Program Files/Unity/Hub/Editor/2022.3.34f1/Editor/Data/MonoBleedingEdge/lib/mono/unityjit-win32'
Mono config path = 'C:/Program Files/Unity/Hub/Editor/2022.3.34f1/Editor/Data/MonoBleedingEdge/etc'
Using monoOptions --debugger-agent=transport=dt_socket,embedding=1,server=y,suspend=n,address=127.0.0.1:56956
Begin MonoManager ReloadAssembly
Registering precompiled unity dll's ...
Register platform support module: C:/Program Files/Unity/Hub/Editor/2022.3.34f1/Editor/Data/PlaybackEngines/WebGLSupport/UnityEditor.WebGL.Extensions.dll
Register platform support module: C:/Program Files/Unity/Hub/Editor/2022.3.34f1/Editor/Data/PlaybackEngines/MacStandaloneSupport/UnityEditor.OSXStandalone.Extensions.dll
Register platform support module: C:/Program Files/Unity/Hub/Editor/2022.3.34f1/Editor/Data/PlaybackEngines/AndroidPlayer/UnityEditor.Android.Extensions.dll
Register platform support module: C:/Program Files/Unity/Hub/Editor/2022.3.34f1/Editor/Data/PlaybackEngines/iOSSupport/UnityEditor.iOS.Extensions.dll
Register platform support module: C:/Program Files/Unity/Hub/Editor/2022.3.34f1/Editor/Data/PlaybackEngines/WindowsStandaloneSupport/UnityEditor.WindowsStandalone.Extensions.dll
Register platform support module: C:/Program Files/Unity/Hub/Editor/2022.3.34f1/Editor/Data/PlaybackEngines/MetroSupport/UnityEditor.UWP.Extensions.dll
Registered in 0.020071 seconds.
- Loaded All Assemblies, in  0.484 seconds
Native extension for UWP target not found
Native extension for WindowsStandalone target not found
Failed to load: C:/Program Files/Unity/Hub/Editor/2022.3.34f1/Editor/Data/PlaybackEngines/iOSSupport\x64\UnityEditor.iOS.Native.dll
Native extension for iOS target not found
Native extension for Android target not found
Native extension for OSXStandalone target not found
Native extension for WebGL target not found
Mono: successfully reloaded assembly
- Finished resetting the current domain, in  0.429 seconds
Domain Reload Profiling: 912ms
	BeginReloadAssembly (139ms)
		ExecutionOrderSort (0ms)
		DisableScriptedObjects (0ms)
		BackupInstance (0ms)
		ReleaseScriptingObjects (0ms)
		CreateAndSetChildDomain (1ms)
	RebuildCommonClasses (42ms)
	RebuildNativeTypeToScriptingClass (13ms)
	initialDomainReloadingComplete (86ms)
	LoadAllAssembliesAndSetupDomain (203ms)
		LoadAssemblies (135ms)
		RebuildTransferFunctionScriptingTraits (0ms)
		AnalyzeDomain (199ms)
			TypeCache.Refresh (197ms)
				TypeCache.ScanAssembly (179ms)
			ScanForSourceGeneratedMonoScriptInfo (0ms)
			ResolveRequiredComponents (1ms)
	FinalizeReload (430ms)
		ReleaseScriptCaches (0ms)
		RebuildScriptCaches (0ms)
		SetupLoadedEditorAssemblies (352ms)
			LogAssemblyErrors (0ms)
			InitializePlatformSupportModulesInManaged (134ms)
			SetLoadedEditorAssemblies (8ms)
			RefreshPlugins (0ms)
			BeforeProcessingInitializeOnLoad (3ms)
			ProcessInitializeOnLoadAttributes (148ms)
			ProcessInitializeOnLoadMethodAttributes (59ms)
			AfterProcessingInitializeOnLoad (0ms)
			EditorAssembliesLoaded (0ms)
		ExecutionOrderSort2 (0ms)
		AwakeInstancesAfterBackupRestoration (0ms)
========================================================================
Worker process is ready to serve import requests
Begin MonoManager ReloadAssembly
- Loaded All Assemblies, in  1.050 seconds
Refreshing native plugins compatible for Editor in 8.68 ms, found 4 plugins.
Native extension for UWP target not found
Native extension for WindowsStandalone target not found
Failed to load: C:/Program Files/Unity/Hub/Editor/2022.3.34f1/Editor/Data/PlaybackEngines/iOSSupport\x64\UnityEditor.iOS.Native.dll
Native extension for iOS target not found
Native extension for Android target not found
Native extension for OSXStandalone target not found
Native extension for WebGL target not found
Package Manager log level set to [2]
[Package Manager] Server::EnsureServerProcessIsRunning -- launch failed, reason: Unity was launched with the -noUpm command-line argument
[Package Manager] UpmClient::Send -- Unable to send message (not connected to UPM process).
[Package Manager] Cannot connect to Unity Package Manager local server
Mono: successfully reloaded assembly
- Finished resetting the current domain, in  0.833 seconds
Domain Reload Profiling: 1878ms
	BeginReloadAssembly (184ms)
		ExecutionOrderSort (0ms)
		DisableScriptedObjects (7ms)
		BackupInstance (0ms)
		ReleaseScriptingObjects (0ms)
		CreateAndSetChildDomain (30ms)
	RebuildCommonClasses (54ms)
	RebuildNativeTypeToScriptingClass (15ms)
	initialDomainReloadingComplete (57ms)
	LoadAllAssembliesAndSetupDomain (734ms)
		LoadAssemblies (563ms)
		RebuildTransferFunctionScriptingTraits (0ms)
		AnalyzeDomain (273ms)
			TypeCache.Refresh (221ms)
				TypeCache.ScanAssembly (198ms)
			ScanForSourceGeneratedMonoScriptInfo (36ms)
			ResolveRequiredComponents (14ms)
	FinalizeReload (833ms)
		ReleaseScriptCaches (0ms)
		RebuildScriptCaches (0ms)
		SetupLoadedEditorAssemblies (623ms)
			LogAssemblyErrors (0ms)
			InitializePlatformSupportModulesInManaged (65ms)
			SetLoadedEditorAssemblies (6ms)
			RefreshPlugins (0ms)
			BeforeProcessingInitializeOnLoad (86ms)
			ProcessInitializeOnLoadAttributes (362ms)
			ProcessInitializeOnLoadMethodAttributes (98ms)
			AfterProcessingInitializeOnLoad (7ms)
			EditorAssembliesLoaded (0ms)
		ExecutionOrderSort2 (0ms)
		AwakeInstancesAfterBackupRestoration (8ms)
Launched and connected shader compiler UnityShaderCompiler.exe after 0.11 seconds
Refreshing native plugins compatible for Editor in 14.44 ms, found 4 plugins.
Preloading 0 native plugins for Editor in 0.00 ms.
Unloading 5700 Unused Serialized files (Serialized files now loaded: 0)
Unloading 109 unused Assets / (0.9 MB). Loaded Objects now: 6169.
Memory consumption went from 224.4 MB to 223.5 MB.
Total: 5.746700 ms (FindLiveObjects: 0.668400 ms CreateObjectMapping: 0.208900 ms MarkObjects: 4.118800 ms  DeleteObjects: 0.749000 ms)

AssetImportParameters requested are different than current active one (requested -> active):
  custom:scripting/monoscript/fileName/DOTweenModuleUtils.cs: 36be6b4788781ca3928d4a96d1c8561e -> 38034ef06fb9b5354f8031bb85ea45ff
  custom:container-demuxer-ogg: 62fdf1f143b41e24485cea50d1cbac27 -> 
  custom:scripting/monoscript/fileName/DOTweenPreviewManager.cs: 0b6076dede52d9d1516993c46328330a -> 6704a79409e29b4269b1101c34c01cae
  custom:scripting/monoscript/fileName/DOTweenAnimation.cs: 0a0443e068f8fbca2ecb3f62f6ab694d -> 4a5a560491b0dd6a8d490a6dbba57b66
  custom:video-codec-MediaFoundation-h265: 746d11721c4dcdbdad8f713fa42b33f4 -> 
  custom:scripting/monoscript/fileName/DOTweenAnimationInspector.cs: 3784402d8f7481ef4e307751098752e1 -> e27a09f17535690c994d7a0dd75cccb7
  custom:video-decoder-ogg-theora: a1e56fd34408186e4bbccfd4996cb3dc -> 
  custom:scripting/monoscript/fileName/DOTweenModuleUnityVersion.cs: 9debc936fce9b3225d538cb195cea50f -> 9ffd9acf63f9ee240a8629c063d5ab55
  custom:scripting/monoscript/fileName/DOTweenModuleUI.cs: 591413407d3c20c4625b7c2c88b8516f -> 654d9cd56dfcd95536bd076e934e53a9
  custom:framework-win-MediaFoundation: 216162199b28c13a410421893ffa2e32 -> 
  custom:CustomObjectIndexerAttribute: 72b91833f83ae208fae7752999fa3104 -> 
  custom:container-demuxer-webm: 4f35f7cbe854078d1ac9338744f61a02 -> 
  custom:container-muxer-webm: aa71ff27fc2769a1b78a27578f13a17b -> 
  custom:video-decoder-webm-vp8: 9c59270c3fd7afecdb556c50c9e8de78 -> 
  custom:SearchIndexIgnoredProperties: e643bd26f0fe6173181afceb89e7c659 -> 
  custom:AudioImporter_EditorPlatform: d09bf68614088b80899f8185d706f6e7 -> 
  custom:scripting/monoscript/fileName/DOTweenModuleAudio.cs: 76a16f0d35b21f7222a287de6405d912 -> f44ff7195fa3a78ebfe99f449d7e78e1
  custom:scripting/monoscript/fileName/DOTweenModulePhysics2D.cs: ef684ce851f19b585cf61f027e826031 -> 173b1ffc50b5696b426bbe7350c14fc4
  custom:scripting/monoscript/fileName/DOTweenProShortcuts.cs: 8fc20920f58d6c82def6deb00d8df6c5 -> 90c7810f0d7504d6faad12dc67a3f8a8
  custom:scripting/monoscript/fileName/DOTweenModuleSprite.cs: 6adba58d81476cf2bc8dae3570d0af88 -> 4b5018ebeb8cf37efb36ac1d94ed5a4d
  custom:video-encoder-webm-vp8: eb34c28f22e8b96e1ab97ce403110664 -> 
  custom:scripting/monoscript/fileName/DOTweenModulePhysics.cs: 1b4095963be44214d1b5089ac2bf28d6 -> aff02123f5421112b27a1e25686d3abc
  custom:audio-decoder-ogg-vorbis: bf7c407c2cedff20999df2af8eb42d56 -> 
  custom:audio-encoder-webm-vorbis: bf7c407c2cedff20999df2af8eb42d56 -> 
========================================================================
Received Import Request.
  Time since last request: 159375.866471 seconds.
  path: Assets/Sprites/Graphics/VFX/SlashFX v1.2 (7.24.23)/1. Sunnyside/SlashFX SpriteSheet FX 1C_7.png
  artifactKey: Guid(22fb962a741bffd4ba6f423daee5ed5c) Importer(815301076,1909f56bfc062723c751e8b465ee728b)
Start importing Assets/Sprites/Graphics/VFX/SlashFX v1.2 (7.24.23)/1. Sunnyside/SlashFX SpriteSheet FX 1C_7.png using Guid(22fb962a741bffd4ba6f423daee5ed5c) Importer(815301076,1909f56bfc062723c751e8b465ee728b) [PhysX] Initialized MultithreadedTaskDispatcher with 16 workers.
[PhysX] Initialized MultithreadedTaskDispatcher with 16 workers.
 -> (artifact id: 'feddfb0eaafb042bba0c4739be95c7af') in 0.079809 seconds
Number of updated asset objects reloaded before import = 0
Number of asset objects unloaded after import = 3
========================================================================
Received Import Request.
  Time since last request: 38.337246 seconds.
  path: Assets/Sprites/Graphics/VFX/SlashFX v1.2 (7.24.23)/Sunnyside
  artifactKey: Guid(c5734e58d43f8e74485a4a500460afa5) Importer(815301076,1909f56bfc062723c751e8b465ee728b)
Start importing Assets/Sprites/Graphics/VFX/SlashFX v1.2 (7.24.23)/Sunnyside using Guid(c5734e58d43f8e74485a4a500460afa5) Importer(815301076,1909f56bfc062723c751e8b465ee728b) [PhysX] Initialized MultithreadedTaskDispatcher with 16 workers.
 -> (artifact id: 'e8e0c8ac7a310191372bde2632a43e29') in 0.001854 seconds
Number of updated asset objects reloaded before import = 0
Number of asset objects unloaded after import = 0
========================================================================
Received Import Request.
  Time since last request: 1.383288 seconds.
  path: Assets/Sprites/Graphics/VFX/SlashFX v1.2 (7.24.23)/2. GameEndeavor
  artifactKey: Guid(ae27458f9d04ff74d826561a751935c3) Importer(815301076,1909f56bfc062723c751e8b465ee728b)
Start importing Assets/Sprites/Graphics/VFX/SlashFX v1.2 (7.24.23)/2. GameEndeavor using Guid(ae27458f9d04ff74d826561a751935c3) Importer(815301076,1909f56bfc062723c751e8b465ee728b) [PhysX] Initialized MultithreadedTaskDispatcher with 16 workers.
 -> (artifact id: '812b4c0c9bc9e8dcba429c270d9361cb') in 0.001642 seconds
Number of updated asset objects reloaded before import = 0
Number of asset objects unloaded after import = 0
========================================================================
Received Import Request.
  Time since last request: 4.298825 seconds.
  path: Assets/Sprites/Graphics/VFX/SlashFX v1.2 (7.24.23)/GameEndeavor
  artifactKey: Guid(ae27458f9d04ff74d826561a751935c3) Importer(815301076,1909f56bfc062723c751e8b465ee728b)
Start importing Assets/Sprites/Graphics/VFX/SlashFX v1.2 (7.24.23)/GameEndeavor using Guid(ae27458f9d04ff74d826561a751935c3) Importer(815301076,1909f56bfc062723c751e8b465ee728b) [PhysX] Initialized MultithreadedTaskDispatcher with 16 workers.
 -> (artifact id: 'bc9c86ea2cae66101693d3b3bc878604') in 0.001108 seconds
Number of updated asset objects reloaded before import = 0
Number of asset objects unloaded after import = 0
========================================================================
Received Import Request.
  Time since last request: 1.019682 seconds.
  path: Assets/Sprites/Graphics/VFX/SlashFX v1.2 (7.24.23)/3. Vernal Edge
  artifactKey: Guid(fe2893b4e7e362a4b8cdbb6a95cb5658) Importer(815301076,1909f56bfc062723c751e8b465ee728b)
Start importing Assets/Sprites/Graphics/VFX/SlashFX v1.2 (7.24.23)/3. Vernal Edge using Guid(fe2893b4e7e362a4b8cdbb6a95cb5658) Importer(815301076,1909f56bfc062723c751e8b465ee728b) [PhysX] Initialized MultithreadedTaskDispatcher with 16 workers.
 -> (artifact id: '8e4772acdc631f837ad7e533b6f5c0ee') in 0.001705 seconds
Number of updated asset objects reloaded before import = 0
Number of asset objects unloaded after import = 0
========================================================================
Received Import Request.
  Time since last request: 4.804430 seconds.
  path: Assets/Sprites/Graphics/VFX/SlashFX v1.2 (7.24.23)/Vernal Edge
  artifactKey: Guid(fe2893b4e7e362a4b8cdbb6a95cb5658) Importer(815301076,1909f56bfc062723c751e8b465ee728b)
Start importing Assets/Sprites/Graphics/VFX/SlashFX v1.2 (7.24.23)/Vernal Edge using Guid(fe2893b4e7e362a4b8cdbb6a95cb5658) Importer(815301076,1909f56bfc062723c751e8b465ee728b) [PhysX] Initialized MultithreadedTaskDispatcher with 16 workers.
 -> (artifact id: '3dea8822bf0c04ecf5dfd3be7b104cf2') in 0.001151 seconds
Number of updated asset objects reloaded before import = 0
Number of asset objects unloaded after import = 0
========================================================================
Received Import Request.
  Time since last request: 0.754480 seconds.
  path: Assets/Sprites/Graphics/VFX/SlashFX v1.2 (7.24.23)/4. RatCasket
  artifactKey: Guid(4b0fda5f30a0e8a43b044972caedbd82) Importer(815301076,1909f56bfc062723c751e8b465ee728b)
Start importing Assets/Sprites/Graphics/VFX/SlashFX v1.2 (7.24.23)/4. RatCasket using Guid(4b0fda5f30a0e8a43b044972caedbd82) Importer(815301076,1909f56bfc062723c751e8b465ee728b) [PhysX] Initialized MultithreadedTaskDispatcher with 16 workers.
 -> (artifact id: 'e41f7391d53959ae916941eaf67ba01c') in 0.002204 seconds
Number of updated asset objects reloaded before import = 0
Number of asset objects unloaded after import = 0
========================================================================
Received Import Request.
  Time since last request: 4.073404 seconds.
  path: Assets/Sprites/Graphics/VFX/SlashFX v1.2 (7.24.23)/RatCasket
  artifactKey: Guid(4b0fda5f30a0e8a43b044972caedbd82) Importer(815301076,1909f56bfc062723c751e8b465ee728b)
Start importing Assets/Sprites/Graphics/VFX/SlashFX v1.2 (7.24.23)/RatCasket using Guid(4b0fda5f30a0e8a43b044972caedbd82) Importer(815301076,1909f56bfc062723c751e8b465ee728b) [PhysX] Initialized MultithreadedTaskDispatcher with 16 workers.
 -> (artifact id: 'b73c70151b510de39341f757ebb68f30') in 0.001411 seconds
Number of updated asset objects reloaded before import = 0
Number of asset objects unloaded after import = 0
========================================================================
Received Import Request.
  Time since last request: 0.780949 seconds.
  path: Assets/Sprites/Graphics/VFX/SlashFX v1.2 (7.24.23)/5. Anokolisa
  artifactKey: Guid(f5deb0bd701611649a154c8c94fef7b3) Importer(815301076,1909f56bfc062723c751e8b465ee728b)
Start importing Assets/Sprites/Graphics/VFX/SlashFX v1.2 (7.24.23)/5. Anokolisa using Guid(f5deb0bd701611649a154c8c94fef7b3) Importer(815301076,1909f56bfc062723c751e8b465ee728b) [PhysX] Initialized MultithreadedTaskDispatcher with 16 workers.
 -> (artifact id: 'fe979a9df76e8e79530f51e5680e66e8') in 0.001463 seconds
Number of updated asset objects reloaded before import = 0
Number of asset objects unloaded after import = 0
========================================================================
Received Import Request.
  Time since last request: 5.766212 seconds.
  path: Assets/Sprites/Graphics/VFX/SlashFX v1.2 (7.24.23)/Anokolisa
  artifactKey: Guid(f5deb0bd701611649a154c8c94fef7b3) Importer(815301076,1909f56bfc062723c751e8b465ee728b)
Start importing Assets/Sprites/Graphics/VFX/SlashFX v1.2 (7.24.23)/Anokolisa using Guid(f5deb0bd701611649a154c8c94fef7b3) Importer(815301076,1909f56bfc062723c751e8b465ee728b) [PhysX] Initialized MultithreadedTaskDispatcher with 16 workers.
 -> (artifact id: '2c517ba19bd2e93002bb7b850de5f262') in 0.000636 seconds
Number of updated asset objects reloaded before import = 0
Number of asset objects unloaded after import = 0
========================================================================
Received Import Request.
  Time since last request: 1.236363 seconds.
  path: Assets/Sprites/Graphics/VFX/SlashFX v1.2 (7.24.23)/6. Rafael Matos
  artifactKey: Guid(5d146e1512e349a4d83fe032f8f3b86e) Importer(815301076,1909f56bfc062723c751e8b465ee728b)
Start importing Assets/Sprites/Graphics/VFX/SlashFX v1.2 (7.24.23)/6. Rafael Matos using Guid(5d146e1512e349a4d83fe032f8f3b86e) Importer(815301076,1909f56bfc062723c751e8b465ee728b) [PhysX] Initialized MultithreadedTaskDispatcher with 16 workers.
 -> (artifact id: '01662cb281b44adf0b939054561d8c65') in 0.001128 seconds
Number of updated asset objects reloaded before import = 0
Number of asset objects unloaded after import = 0
========================================================================
Received Import Request.
  Time since last request: 4.406538 seconds.
  path: Assets/Sprites/Graphics/VFX/SlashFX v1.2 (7.24.23)/Rafael Matos
  artifactKey: Guid(5d146e1512e349a4d83fe032f8f3b86e) Importer(815301076,1909f56bfc062723c751e8b465ee728b)
Start importing Assets/Sprites/Graphics/VFX/SlashFX v1.2 (7.24.23)/Rafael Matos using Guid(5d146e1512e349a4d83fe032f8f3b86e) Importer(815301076,1909f56bfc062723c751e8b465ee728b) [PhysX] Initialized MultithreadedTaskDispatcher with 16 workers.
 -> (artifact id: 'f13706ce9cf4f9c44c38b5f9c0738d4a') in 0.001192 seconds
Number of updated asset objects reloaded before import = 0
Number of asset objects unloaded after import = 0
========================================================================
Received Import Request.
  Time since last request: 1.871818 seconds.
  path: Assets/Sprites/Graphics/Weapon/Guns.png
  artifactKey: Guid(1cb3970b77b6f0c43b3131ca7c968f95) Importer(815301076,1909f56bfc062723c751e8b465ee728b)
Start importing Assets/Sprites/Graphics/Weapon/Guns.png using Guid(1cb3970b77b6f0c43b3131ca7c968f95) Importer(815301076,1909f56bfc062723c751e8b465ee728b) [PhysX] Initialized MultithreadedTaskDispatcher with 16 workers.
[PhysX] Initialized MultithreadedTaskDispatcher with 16 workers.
 -> (artifact id: '152e1b79ac590f736f53876e84360c9d') in 0.035821 seconds
Number of updated asset objects reloaded before import = 0
Number of asset objects unloaded after import = 3
========================================================================
Received Import Request.
  Time since last request: 3.225015 seconds.
  path: Assets/Sprites/Graphics/VFX/SlashFX v1.2 (7.24.23)/Anokolisa/SlashFX 5.Anokolisa.ase
  artifactKey: Guid(5ce9ef83020e028439d7af5504f52a7e) Importer(815301076,1909f56bfc062723c751e8b465ee728b)
Start importing Assets/Sprites/Graphics/VFX/SlashFX v1.2 (7.24.23)/Anokolisa/SlashFX 5.Anokolisa.ase using Guid(5ce9ef83020e028439d7af5504f52a7e) Importer(815301076,1909f56bfc062723c751e8b465ee728b) [PhysX] Initialized MultithreadedTaskDispatcher with 16 workers.
[PhysX] Initialized MultithreadedTaskDispatcher with 16 workers.
[PhysX] Initialized MultithreadedTaskDispatcher with 16 workers.
 -> (artifact id: '266fda0e8b45278a3053e81ea8f70d5b') in 0.624192 seconds
Number of updated asset objects reloaded before import = 0
Number of asset objects unloaded after import = 76
========================================================================
Received Import Request.
  Time since last request: 16.697868 seconds.
  path: Assets/Sprites/Graphics/VFX/SlashFX v1.2 (7.24.23)/Anokolisa/SlashFX Anokolisa.ase
  artifactKey: Guid(5ce9ef83020e028439d7af5504f52a7e) Importer(815301076,1909f56bfc062723c751e8b465ee728b)
Start importing Assets/Sprites/Graphics/VFX/SlashFX v1.2 (7.24.23)/Anokolisa/SlashFX Anokolisa.ase using Guid(5ce9ef83020e028439d7af5504f52a7e) Importer(815301076,1909f56bfc062723c751e8b465ee728b) [PhysX] Initialized MultithreadedTaskDispatcher with 16 workers.
[PhysX] Initialized MultithreadedTaskDispatcher with 16 workers.
[PhysX] Initialized MultithreadedTaskDispatcher with 16 workers.
 -> (artifact id: 'c36a756f02e23cbbeb34b57943e4b8b2') in 0.500115 seconds
Number of updated asset objects reloaded before import = 0
Number of asset objects unloaded after import = 75
========================================================================
Received Import Request.
  Time since last request: 4.784304 seconds.
  path: Assets/Sprites/Graphics/VFX/SlashFX v1.2 (7.24.23)/GameEndeavor/SlashFX SpriteSheet All 2A_7.png
  artifactKey: Guid(cad8df9c24a61fd49849cc0d74c9a330) Importer(815301076,1909f56bfc062723c751e8b465ee728b)
Start importing Assets/Sprites/Graphics/VFX/SlashFX v1.2 (7.24.23)/GameEndeavor/SlashFX SpriteSheet All 2A_7.png using Guid(cad8df9c24a61fd49849cc0d74c9a330) Importer(815301076,1909f56bfc062723c751e8b465ee728b) [PhysX] Initialized MultithreadedTaskDispatcher with 16 workers.
[PhysX] Initialized MultithreadedTaskDispatcher with 16 workers.
 -> (artifact id: 'dbde5638c6de5b277e115bd38c2afa67') in 0.021868 seconds
Number of updated asset objects reloaded before import = 0
Number of asset objects unloaded after import = 3
========================================================================
Received Import Request.
  Time since last request: 0.000034 seconds.
  path: Assets/Sprites/Graphics/VFX/SlashFX v1.2 (7.24.23)/GameEndeavor/SlashFX SpriteSheet FX 2A_4.png
  artifactKey: Guid(f1c259ca7ef78f34090de258db913766) Importer(815301076,1909f56bfc062723c751e8b465ee728b)
Start importing Assets/Sprites/Graphics/VFX/SlashFX v1.2 (7.24.23)/GameEndeavor/SlashFX SpriteSheet FX 2A_4.png using Guid(f1c259ca7ef78f34090de258db913766) Importer(815301076,1909f56bfc062723c751e8b465ee728b) [PhysX] Initialized MultithreadedTaskDispatcher with 16 workers.
[PhysX] Initialized MultithreadedTaskDispatcher with 16 workers.
 -> (artifact id: 'b4b47a71a1d5c54f046a2666fb839a21') in 0.011148 seconds
Number of updated asset objects reloaded before import = 0
Number of asset objects unloaded after import = 3
========================================================================
Received Import Request.
  Time since last request: 0.000043 seconds.
  path: Assets/Sprites/Graphics/VFX/SlashFX v1.2 (7.24.23)/GameEndeavor/SlashFX SpriteSheet FX 2A_2.png
  artifactKey: Guid(67b66246bb263334888780c061bbd84a) Importer(815301076,1909f56bfc062723c751e8b465ee728b)
Start importing Assets/Sprites/Graphics/VFX/SlashFX v1.2 (7.24.23)/GameEndeavor/SlashFX SpriteSheet FX 2A_2.png using Guid(67b66246bb263334888780c061bbd84a) Importer(815301076,1909f56bfc062723c751e8b465ee728b) [PhysX] Initialized MultithreadedTaskDispatcher with 16 workers.
[PhysX] Initialized MultithreadedTaskDispatcher with 16 workers.
 -> (artifact id: 'aaff8dfdf53192f9152492653cbc233a') in 0.039629 seconds
Number of updated asset objects reloaded before import = 0
Number of asset objects unloaded after import = 3
========================================================================
Received Import Request.
  Time since last request: 0.000073 seconds.
  path: Assets/Sprites/Graphics/VFX/SlashFX v1.2 (7.24.23)/GameEndeavor/SlashFX SpriteSheet FX 2A_3.png
  artifactKey: Guid(2bbccf4a09dc0ae44af74d83bec72ed9) Importer(815301076,1909f56bfc062723c751e8b465ee728b)
Start importing Assets/Sprites/Graphics/VFX/SlashFX v1.2 (7.24.23)/GameEndeavor/SlashFX SpriteSheet FX 2A_3.png using Guid(2bbccf4a09dc0ae44af74d83bec72ed9) Importer(815301076,1909f56bfc062723c751e8b465ee728b) [PhysX] Initialized MultithreadedTaskDispatcher with 16 workers.
[PhysX] Initialized MultithreadedTaskDispatcher with 16 workers.
 -> (artifact id: '22ac33b517c8f850830083e25bd535d2') in 0.042544 seconds
Number of updated asset objects reloaded before import = 0
Number of asset objects unloaded after import = 3
========================================================================
Received Import Request.
  Time since last request: 0.917144 seconds.
  path: Assets/Sprites/Graphics/VFX/SlashFX v1.2 (7.24.23)/GameEndeavor/SlashFX 2.GameEndeavor.ase
  artifactKey: Guid(e1140d7c558e0b9479cab51ac9565415) Importer(815301076,1909f56bfc062723c751e8b465ee728b)
Start importing Assets/Sprites/Graphics/VFX/SlashFX v1.2 (7.24.23)/GameEndeavor/SlashFX 2.GameEndeavor.ase using Guid(e1140d7c558e0b9479cab51ac9565415) Importer(815301076,1909f56bfc062723c751e8b465ee728b) [PhysX] Initialized MultithreadedTaskDispatcher with 16 workers.
[PhysX] Initialized MultithreadedTaskDispatcher with 16 workers.
[PhysX] Initialized MultithreadedTaskDispatcher with 16 workers.
 -> (artifact id: 'b2606cb2699386e076ce4f6d3b34edb0') in 0.369128 seconds
Number of updated asset objects reloaded before import = 0
Number of asset objects unloaded after import = 66
========================================================================
Received Import Request.
  Time since last request: 8.828223 seconds.
  path: Assets/Sprites/Graphics/VFX/SlashFX v1.2 (7.24.23)/GameEndeavor/SlashFX GameEndeavor.ase
  artifactKey: Guid(e1140d7c558e0b9479cab51ac9565415) Importer(815301076,1909f56bfc062723c751e8b465ee728b)
Start importing Assets/Sprites/Graphics/VFX/SlashFX v1.2 (7.24.23)/GameEndeavor/SlashFX GameEndeavor.ase using Guid(e1140d7c558e0b9479cab51ac9565415) Importer(815301076,1909f56bfc062723c751e8b465ee728b) [PhysX] Initialized MultithreadedTaskDispatcher with 16 workers.
[PhysX] Initialized MultithreadedTaskDispatcher with 16 workers.
[PhysX] Initialized MultithreadedTaskDispatcher with 16 workers.
 -> (artifact id: '2ebab64731839804877fafba173f53e8') in 0.383682 seconds
Number of updated asset objects reloaded before import = 0
Number of asset objects unloaded after import = 66
========================================================================
Received Import Request.
  Time since last request: 0.887051 seconds.
  path: Assets/Sprites/Graphics/VFX/SlashFX v1.2 (7.24.23)/Rafael Matos/SlashFX 6.Rafael.ase
  artifactKey: Guid(acb12e49b0dd0554197f5d8037676628) Importer(815301076,1909f56bfc062723c751e8b465ee728b)
Start importing Assets/Sprites/Graphics/VFX/SlashFX v1.2 (7.24.23)/Rafael Matos/SlashFX 6.Rafael.ase using Guid(acb12e49b0dd0554197f5d8037676628) Importer(815301076,1909f56bfc062723c751e8b465ee728b) [PhysX] Initialized MultithreadedTaskDispatcher with 16 workers.
[PhysX] Initialized MultithreadedTaskDispatcher with 16 workers.
[PhysX] Initialized MultithreadedTaskDispatcher with 16 workers.
 -> (artifact id: 'ed40de88092dd84f23404d3a6d8ce16f') in 0.179236 seconds
Number of updated asset objects reloaded before import = 0
Number of asset objects unloaded after import = 46
========================================================================
Received Import Request.
  Time since last request: 4.682560 seconds.
  path: Assets/Sprites/Graphics/VFX/SlashFX v1.2 (7.24.23)/Rafael Matos/SlashFX Rafael.ase
  artifactKey: Guid(acb12e49b0dd0554197f5d8037676628) Importer(815301076,1909f56bfc062723c751e8b465ee728b)
Start importing Assets/Sprites/Graphics/VFX/SlashFX v1.2 (7.24.23)/Rafael Matos/SlashFX Rafael.ase using Guid(acb12e49b0dd0554197f5d8037676628) Importer(815301076,1909f56bfc062723c751e8b465ee728b) [PhysX] Initialized MultithreadedTaskDispatcher with 16 workers.
[PhysX] Initialized MultithreadedTaskDispatcher with 16 workers.
[PhysX] Initialized MultithreadedTaskDispatcher with 16 workers.
 -> (artifact id: '8f91cd96943913e52dc7035864c035f9') in 0.298268 seconds
Number of updated asset objects reloaded before import = 0
Number of asset objects unloaded after import = 46
========================================================================
Received Import Request.
  Time since last request: 1.304438 seconds.
  path: Assets/Sprites/Graphics/VFX/SlashFX v1.2 (7.24.23)/RatCasket/SlashFX SpriteSheet ALL 4A_7.png
  artifactKey: Guid(b9a666b82c11e3f4f9d70c8aac123852) Importer(815301076,1909f56bfc062723c751e8b465ee728b)
Start importing Assets/Sprites/Graphics/VFX/SlashFX v1.2 (7.24.23)/RatCasket/SlashFX SpriteSheet ALL 4A_7.png using Guid(b9a666b82c11e3f4f9d70c8aac123852) Importer(815301076,1909f56bfc062723c751e8b465ee728b) [PhysX] Initialized MultithreadedTaskDispatcher with 16 workers.
[PhysX] Initialized MultithreadedTaskDispatcher with 16 workers.
 -> (artifact id: '6e874ba22f9c843f0bae827565cdeb05') in 0.018281 seconds
Number of updated asset objects reloaded before import = 0
Number of asset objects unloaded after import = 3
========================================================================
Received Import Request.
  Time since last request: 0.000029 seconds.
  path: Assets/Sprites/Graphics/VFX/SlashFX v1.2 (7.24.23)/RatCasket/SlashFX SpriteSheet FX 4A_5.png
  artifactKey: Guid(c7df665236b239147b39a9768722d495) Importer(815301076,1909f56bfc062723c751e8b465ee728b)
Start importing Assets/Sprites/Graphics/VFX/SlashFX v1.2 (7.24.23)/RatCasket/SlashFX SpriteSheet FX 4A_5.png using Guid(c7df665236b239147b39a9768722d495) Importer(815301076,1909f56bfc062723c751e8b465ee728b) [PhysX] Initialized MultithreadedTaskDispatcher with 16 workers.
[PhysX] Initialized MultithreadedTaskDispatcher with 16 workers.
 -> (artifact id: '5827d53f421391385f1c87050b225e9e') in 0.014465 seconds
Number of updated asset objects reloaded before import = 0
Number of asset objects unloaded after import = 3
========================================================================
Received Import Request.
  Time since last request: 0.000041 seconds.
  path: Assets/Sprites/Graphics/VFX/SlashFX v1.2 (7.24.23)/RatCasket/SlashFX SpriteSheet FX 4A_3.png
  artifactKey: Guid(049636146f1bf9c4899a7cecc0511498) Importer(815301076,1909f56bfc062723c751e8b465ee728b)
Start importing Assets/Sprites/Graphics/VFX/SlashFX v1.2 (7.24.23)/RatCasket/SlashFX SpriteSheet FX 4A_3.png using Guid(049636146f1bf9c4899a7cecc0511498) Importer(815301076,1909f56bfc062723c751e8b465ee728b) [PhysX] Initialized MultithreadedTaskDispatcher with 16 workers.
[PhysX] Initialized MultithreadedTaskDispatcher with 16 workers.
 -> (artifact id: 'f1d44ebfd651bd7acb82d58585ca6f4d') in 0.015107 seconds
Number of updated asset objects reloaded before import = 0
Number of asset objects unloaded after import = 3
========================================================================
Received Import Request.
  Time since last request: 0.864640 seconds.
  path: Assets/Sprites/Graphics/VFX/SlashFX v1.2 (7.24.23)/RatCasket/SlashFX 4.RatCasket.ase
  artifactKey: Guid(79305ef403c70e04887e1416f6d8d037) Importer(815301076,1909f56bfc062723c751e8b465ee728b)
Start importing Assets/Sprites/Graphics/VFX/SlashFX v1.2 (7.24.23)/RatCasket/SlashFX 4.RatCasket.ase using Guid(79305ef403c70e04887e1416f6d8d037) Importer(815301076,1909f56bfc062723c751e8b465ee728b) [PhysX] Initialized MultithreadedTaskDispatcher with 16 workers.
[PhysX] Initialized MultithreadedTaskDispatcher with 16 workers.
[PhysX] Initialized MultithreadedTaskDispatcher with 16 workers.
 -> (artifact id: 'e271bc4d49e261112470c85d3e1c4fde') in 0.325146 seconds
Number of updated asset objects reloaded before import = 0
Number of asset objects unloaded after import = 72
========================================================================
Received Import Request.
  Time since last request: 7.734083 seconds.
  path: Assets/Sprites/Graphics/VFX/SlashFX v1.2 (7.24.23)/RatCasket/SlashFX RatCasket.ase
  artifactKey: Guid(79305ef403c70e04887e1416f6d8d037) Importer(815301076,1909f56bfc062723c751e8b465ee728b)
Start importing Assets/Sprites/Graphics/VFX/SlashFX v1.2 (7.24.23)/RatCasket/SlashFX RatCasket.ase using Guid(79305ef403c70e04887e1416f6d8d037) Importer(815301076,1909f56bfc062723c751e8b465ee728b) [PhysX] Initialized MultithreadedTaskDispatcher with 16 workers.
[PhysX] Initialized MultithreadedTaskDispatcher with 16 workers.
[PhysX] Initialized MultithreadedTaskDispatcher with 16 workers.
 -> (artifact id: '561dd1eb54db5621fbf511f9797a4142') in 0.573574 seconds
Number of updated asset objects reloaded before import = 0
Number of asset objects unloaded after import = 72
========================================================================
Received Import Request.
  Time since last request: 12.869273 seconds.
  path: Assets/Sprites/Graphics/VFX/SlashFX v1.2 (7.24.23)/Sunnyside/SlashFX Sunnyside.ase
  artifactKey: Guid(0c2e45c58370f614bbeaf8180d2439e3) Importer(815301076,1909f56bfc062723c751e8b465ee728b)
Start importing Assets/Sprites/Graphics/VFX/SlashFX v1.2 (7.24.23)/Sunnyside/SlashFX Sunnyside.ase using Guid(0c2e45c58370f614bbeaf8180d2439e3) Importer(815301076,1909f56bfc062723c751e8b465ee728b) [PhysX] Initialized MultithreadedTaskDispatcher with 16 workers.
[PhysX] Initialized MultithreadedTaskDispatcher with 16 workers.
[PhysX] Initialized MultithreadedTaskDispatcher with 16 workers.
 -> (artifact id: '28ef19bade16a4bfc48efab9fc93400c') in 0.747933 seconds
Number of updated asset objects reloaded before import = 0
Number of asset objects unloaded after import = 140
========================================================================
Received Import Request.
  Time since last request: 2.667312 seconds.
  path: Assets/Sprites/Graphics/VFX/SlashFX v1.2 (7.24.23)/Vernal Edge/SlashFX SpriteSheet FX 3B_3.png
  artifactKey: Guid(7415aa22e2d1aeb4b8dbf360de104f79) Importer(815301076,1909f56bfc062723c751e8b465ee728b)
Start importing Assets/Sprites/Graphics/VFX/SlashFX v1.2 (7.24.23)/Vernal Edge/SlashFX SpriteSheet FX 3B_3.png using Guid(7415aa22e2d1aeb4b8dbf360de104f79) Importer(815301076,1909f56bfc062723c751e8b465ee728b) [PhysX] Initialized MultithreadedTaskDispatcher with 16 workers.
[PhysX] Initialized MultithreadedTaskDispatcher with 16 workers.
 -> (artifact id: '546531a932970d0f568db1338186c29a') in 0.024435 seconds
Number of updated asset objects reloaded before import = 0
Number of asset objects unloaded after import = 3
========================================================================
Received Import Request.
  Time since last request: 0.000032 seconds.
  path: Assets/Sprites/Graphics/VFX/SlashFX v1.2 (7.24.23)/Vernal Edge/SlashFX SpriteSheet FX 3E_4.png
  artifactKey: Guid(328884e2e9e098944aa7b6403b606c0c) Importer(815301076,1909f56bfc062723c751e8b465ee728b)
Start importing Assets/Sprites/Graphics/VFX/SlashFX v1.2 (7.24.23)/Vernal Edge/SlashFX SpriteSheet FX 3E_4.png using Guid(328884e2e9e098944aa7b6403b606c0c) Importer(815301076,1909f56bfc062723c751e8b465ee728b) [PhysX] Initialized MultithreadedTaskDispatcher with 16 workers.
[PhysX] Initialized MultithreadedTaskDispatcher with 16 workers.
 -> (artifact id: '6d9afdd4e5cd3d9236e9f5f8b852d8c7') in 0.013345 seconds
Number of updated asset objects reloaded before import = 0
Number of asset objects unloaded after import = 3
========================================================================
Received Import Request.
  Time since last request: 2.272552 seconds.
  path: Assets/Sprites/Graphics/VFX/SlashFX v1.2 (7.24.23)/Vernal Edge/SlashFX 3.VernalEdge.ase
  artifactKey: Guid(466a5aad0ccf58e499bf0d4fde46ac9b) Importer(815301076,1909f56bfc062723c751e8b465ee728b)
Start importing Assets/Sprites/Graphics/VFX/SlashFX v1.2 (7.24.23)/Vernal Edge/SlashFX 3.VernalEdge.ase using Guid(466a5aad0ccf58e499bf0d4fde46ac9b) Importer(815301076,1909f56bfc062723c751e8b465ee728b) [PhysX] Initialized MultithreadedTaskDispatcher with 16 workers.
[PhysX] Initialized MultithreadedTaskDispatcher with 16 workers.
[PhysX] Initialized MultithreadedTaskDispatcher with 16 workers.
 -> (artifact id: 'ff57eaf152260e106c3d0a210713c989') in 0.744246 seconds
Number of updated asset objects reloaded before import = 0
Number of asset objects unloaded after import = 156
========================================================================
Received Import Request.
  Time since last request: 5.681854 seconds.
  path: Assets/Sprites/Graphics/VFX/SlashFX v1.2 (7.24.23)/Vernal Edge/SlashFX VernalEdge.ase
  artifactKey: Guid(466a5aad0ccf58e499bf0d4fde46ac9b) Importer(815301076,1909f56bfc062723c751e8b465ee728b)
Start importing Assets/Sprites/Graphics/VFX/SlashFX v1.2 (7.24.23)/Vernal Edge/SlashFX VernalEdge.ase using Guid(466a5aad0ccf58e499bf0d4fde46ac9b) Importer(815301076,1909f56bfc062723c751e8b465ee728b) [PhysX] Initialized MultithreadedTaskDispatcher with 16 workers.
[PhysX] Initialized MultithreadedTaskDispatcher with 16 workers.
[PhysX] Initialized MultithreadedTaskDispatcher with 16 workers.
 -> (artifact id: 'fd59dfaf5b5691d641644663abe78eee') in 0.402332 seconds
Number of updated asset objects reloaded before import = 0
Number of asset objects unloaded after import = 156
========================================================================
Received Import Request.
  Time since last request: 64.431896 seconds.
  path: Assets/Sprites/Graphics/Weapon/Bow-likeVariations
  artifactKey: Guid(b881c436ea6dac94caa57876f842c9cf) Importer(815301076,1909f56bfc062723c751e8b465ee728b)
Start importing Assets/Sprites/Graphics/Weapon/Bow-likeVariations using Guid(b881c436ea6dac94caa57876f842c9cf) Importer(815301076,1909f56bfc062723c751e8b465ee728b) [PhysX] Initialized MultithreadedTaskDispatcher with 16 workers.
 -> (artifact id: '788597da8cda81980d160db33b943e9d') in 0.002196 seconds
Number of updated asset objects reloaded before import = 0
Number of asset objects unloaded after import = 0
========================================================================
Received Import Request.
  Time since last request: 0.528786 seconds.
  path: Assets/Sprites/Graphics/Weapon/Sword-likeVariations
  artifactKey: Guid(866d3978bcdcc474f8535885353d5191) Importer(815301076,1909f56bfc062723c751e8b465ee728b)
Start importing Assets/Sprites/Graphics/Weapon/Sword-likeVariations using Guid(866d3978bcdcc474f8535885353d5191) Importer(815301076,1909f56bfc062723c751e8b465ee728b) [PhysX] Initialized MultithreadedTaskDispatcher with 16 workers.
 -> (artifact id: 'b1981c3e4d7830d98f012dbb876eac66') in 0.001864 seconds
Number of updated asset objects reloaded before import = 0
Number of asset objects unloaded after import = 0
========================================================================
Received Import Request.
  Time since last request: 2.399981 seconds.
  path: Assets/Sprites/Graphics/Weapon/Sword-likeVariations/Sword-likeEULA.txt
  artifactKey: Guid(b96177a975a919340b57bab829499d39) Importer(815301076,1909f56bfc062723c751e8b465ee728b)
Start importing Assets/Sprites/Graphics/Weapon/Sword-likeVariations/Sword-likeEULA.txt using Guid(b96177a975a919340b57bab829499d39) Importer(815301076,1909f56bfc062723c751e8b465ee728b) [PhysX] Initialized MultithreadedTaskDispatcher with 16 workers.
 -> (artifact id: '6a895120602f141ffdbd42901877dd40') in 0.003074 seconds
Number of updated asset objects reloaded before import = 0
Number of asset objects unloaded after import = 1
========================================================================
Received Import Request.
  Time since last request: 14.916603 seconds.
  path: Assets/Sprites/Graphics/UI/UI pixelart Assets 4 -1.3/16x16
  artifactKey: Guid(0876d5c56149ad847af1f51b44789f0d) Importer(815301076,1909f56bfc062723c751e8b465ee728b)
Start importing Assets/Sprites/Graphics/UI/UI pixelart Assets 4 -1.3/16x16 using Guid(0876d5c56149ad847af1f51b44789f0d) Importer(815301076,1909f56bfc062723c751e8b465ee728b) [PhysX] Initialized MultithreadedTaskDispatcher with 16 workers.
 -> (artifact id: '617c7c8d6a5034b4a4ed1df0bff497bc') in 0.001936 seconds
Number of updated asset objects reloaded before import = 0
Number of asset objects unloaded after import = 0
========================================================================
Received Import Request.
  Time since last request: 1.029192 seconds.
  path: Assets/Sprites/Graphics/UI/UI pixelart Assets 4 -1.3/16x16/Set2
  artifactKey: Guid(1ef28fe2f7f19134f8a578c6908ccc9b) Importer(815301076,1909f56bfc062723c751e8b465ee728b)
Start importing Assets/Sprites/Graphics/UI/UI pixelart Assets 4 -1.3/16x16/Set2 using Guid(1ef28fe2f7f19134f8a578c6908ccc9b) Importer(815301076,1909f56bfc062723c751e8b465ee728b) [PhysX] Initialized MultithreadedTaskDispatcher with 16 workers.
 -> (artifact id: '4dce408b6e8b37cb38f68931ea67c08c') in 0.001764 seconds
Number of updated asset objects reloaded before import = 0
Number of asset objects unloaded after import = 0
========================================================================
Received Import Request.
  Time since last request: 0.068988 seconds.
  path: Assets/Sprites/Graphics/UI/UI pixelart Assets 4 -1.3/16x16/Set2/Set2-1.png
  artifactKey: Guid(ad81070bd51237a42a0f430790a715f4) Importer(815301076,1909f56bfc062723c751e8b465ee728b)
Start importing Assets/Sprites/Graphics/UI/UI pixelart Assets 4 -1.3/16x16/Set2/Set2-1.png using Guid(ad81070bd51237a42a0f430790a715f4) Importer(815301076,1909f56bfc062723c751e8b465ee728b) [PhysX] Initialized MultithreadedTaskDispatcher with 16 workers.
[PhysX] Initialized MultithreadedTaskDispatcher with 16 workers.
 -> (artifact id: '336d78d3e2713b942be588dd0cadc99d') in 0.017199 seconds
Number of updated asset objects reloaded before import = 0
Number of asset objects unloaded after import = 3
========================================================================
Received Import Request.
  Time since last request: 0.004638 seconds.
  path: Assets/Sprites/Graphics/UI/UI pixelart Assets 4 -1.3/16x16/Set2/Set2-5.png
  artifactKey: Guid(7957812cf40a8934d8f82d4bf452e5b2) Importer(815301076,1909f56bfc062723c751e8b465ee728b)
Start importing Assets/Sprites/Graphics/UI/UI pixelart Assets 4 -1.3/16x16/Set2/Set2-5.png using Guid(7957812cf40a8934d8f82d4bf452e5b2) Importer(815301076,1909f56bfc062723c751e8b465ee728b) [PhysX] Initialized MultithreadedTaskDispatcher with 16 workers.
[PhysX] Initialized MultithreadedTaskDispatcher with 16 workers.
 -> (artifact id: 'bc4b42499b2e5e52eb5f9b00f4b61534') in 0.013638 seconds
Number of updated asset objects reloaded before import = 0
Number of asset objects unloaded after import = 3
========================================================================
Received Import Request.
  Time since last request: 0.010078 seconds.
  path: Assets/Sprites/Graphics/UI/UI pixelart Assets 4 -1.3/16x16/Set2/Set2-7.png
  artifactKey: Guid(53adf1fb604a56d4282655a787eaf2e2) Importer(815301076,1909f56bfc062723c751e8b465ee728b)
Start importing Assets/Sprites/Graphics/UI/UI pixelart Assets 4 -1.3/16x16/Set2/Set2-7.png using Guid(53adf1fb604a56d4282655a787eaf2e2) Importer(815301076,1909f56bfc062723c751e8b465ee728b) [PhysX] Initialized MultithreadedTaskDispatcher with 16 workers.
[PhysX] Initialized MultithreadedTaskDispatcher with 16 workers.
 -> (artifact id: '8eed98d7038544d1779dede31f6bbb2f') in 0.030294 seconds
Number of updated asset objects reloaded before import = 0
Number of asset objects unloaded after import = 3
========================================================================
Received Import Request.
  Time since last request: 0.000027 seconds.
  path: Assets/Sprites/Graphics/UI/UI pixelart Assets 4 -1.3/16x16/Set2/Set2-19.png
  artifactKey: Guid(5a21b887a73a01241884d8d9c9caea95) Importer(815301076,1909f56bfc062723c751e8b465ee728b)
Start importing Assets/Sprites/Graphics/UI/UI pixelart Assets 4 -1.3/16x16/Set2/Set2-19.png using Guid(5a21b887a73a01241884d8d9c9caea95) Importer(815301076,1909f56bfc062723c751e8b465ee728b) [PhysX] Initialized MultithreadedTaskDispatcher with 16 workers.
[PhysX] Initialized MultithreadedTaskDispatcher with 16 workers.
 -> (artifact id: 'a80fcede419e1c5f7f6f0804835080c1') in 0.041414 seconds
Number of updated asset objects reloaded before import = 0
Number of asset objects unloaded after import = 3
========================================================================
Received Import Request.
  Time since last request: 0.000035 seconds.
  path: Assets/Sprites/Graphics/UI/UI pixelart Assets 4 -1.3/16x16/Set2/Set2-13.png
  artifactKey: Guid(b01796755c76cd4429b1da56a8d683a7) Importer(815301076,1909f56bfc062723c751e8b465ee728b)
Start importing Assets/Sprites/Graphics/UI/UI pixelart Assets 4 -1.3/16x16/Set2/Set2-13.png using Guid(b01796755c76cd4429b1da56a8d683a7) Importer(815301076,1909f56bfc062723c751e8b465ee728b) [PhysX] Initialized MultithreadedTaskDispatcher with 16 workers.
[PhysX] Initialized MultithreadedTaskDispatcher with 16 workers.
 -> (artifact id: 'dfb1b789382b506ded5342e8a51b7a80') in 0.032759 seconds
Number of updated asset objects reloaded before import = 0
Number of asset objects unloaded after import = 3
========================================================================
Received Import Request.
  Time since last request: 0.000040 seconds.
  path: Assets/Sprites/Graphics/UI/UI pixelart Assets 4 -1.3/16x16/Set2/Set2-16.png
  artifactKey: Guid(d1fb1e66012eb964fb3bff6461b13830) Importer(815301076,1909f56bfc062723c751e8b465ee728b)
Start importing Assets/Sprites/Graphics/UI/UI pixelart Assets 4 -1.3/16x16/Set2/Set2-16.png using Guid(d1fb1e66012eb964fb3bff6461b13830) Importer(815301076,1909f56bfc062723c751e8b465ee728b) [PhysX] Initialized MultithreadedTaskDispatcher with 16 workers.
[PhysX] Initialized MultithreadedTaskDispatcher with 16 workers.
 -> (artifact id: '0aa0b0338e65bbfc02c89689a038ef80') in 0.018519 seconds
Number of updated asset objects reloaded before import = 0
Number of asset objects unloaded after import = 3
========================================================================
Received Import Request.
  Time since last request: 0.000031 seconds.
  path: Assets/Sprites/Graphics/UI/UI pixelart Assets 4 -1.3/16x16/Set2/Set2-18.png
  artifactKey: Guid(33da314d7f949d94e8a3aa7e53993615) Importer(815301076,1909f56bfc062723c751e8b465ee728b)
Start importing Assets/Sprites/Graphics/UI/UI pixelart Assets 4 -1.3/16x16/Set2/Set2-18.png using Guid(33da314d7f949d94e8a3aa7e53993615) Importer(815301076,1909f56bfc062723c751e8b465ee728b) [PhysX] Initialized MultithreadedTaskDispatcher with 16 workers.
[PhysX] Initialized MultithreadedTaskDispatcher with 16 workers.
 -> (artifact id: 'acfd883b85621085a9a6b4dae8c70f43') in 0.013174 seconds
Number of updated asset objects reloaded before import = 0
Number of asset objects unloaded after import = 3
========================================================================
Received Import Request.
  Time since last request: 0.000031 seconds.
  path: Assets/Sprites/Graphics/UI/UI pixelart Assets 4 -1.3/16x16/Set2/Set2-17.png
  artifactKey: Guid(ad26a5dd06e0e6348a116279ef55dc7f) Importer(815301076,1909f56bfc062723c751e8b465ee728b)
Start importing Assets/Sprites/Graphics/UI/UI pixelart Assets 4 -1.3/16x16/Set2/Set2-17.png using Guid(ad26a5dd06e0e6348a116279ef55dc7f) Importer(815301076,1909f56bfc062723c751e8b465ee728b) [PhysX] Initialized MultithreadedTaskDispatcher with 16 workers.
[PhysX] Initialized MultithreadedTaskDispatcher with 16 workers.
 -> (artifact id: '54178e4891b93d923e0ba9e51e201837') in 0.016409 seconds
Number of updated asset objects reloaded before import = 0
Number of asset objects unloaded after import = 3
========================================================================
Received Import Request.
  Time since last request: 0.000032 seconds.
  path: Assets/Sprites/Graphics/UI/UI pixelart Assets 4 -1.3/16x16/Set2/Set2-4.png
  artifactKey: Guid(0fe8d3538bfaded458d8faaced052b91) Importer(815301076,1909f56bfc062723c751e8b465ee728b)
Start importing Assets/Sprites/Graphics/UI/UI pixelart Assets 4 -1.3/16x16/Set2/Set2-4.png using Guid(0fe8d3538bfaded458d8faaced052b91) Importer(815301076,1909f56bfc062723c751e8b465ee728b) [PhysX] Initialized MultithreadedTaskDispatcher with 16 workers.
[PhysX] Initialized MultithreadedTaskDispatcher with 16 workers.
 -> (artifact id: '7c3dee4e4885c1d7d53ec6f84046f103') in 0.029766 seconds
Number of updated asset objects reloaded before import = 0
Number of asset objects unloaded after import = 3
Editor requested this worker to shutdown with reason: Scaling down because of idle timeout
TcpMessagingSession - receive error: operation aborted. errorcode: 995, details:        I/O  .
AssetImportWorker is now disconnected from the server
Process exiting
Exiting without the bug reporter. Application will terminate with return code 0